<?xml version="1.0" encoding="UTF-8"?>
<testsuite xmlns:xsi="http://www.w3.org/2001/XMLSchema-instance" xsi:noNamespaceSchemaLocation="https://maven.apache.org/surefire/maven-surefire-plugin/xsd/surefire-test-report.xsd" name="org.tc.provider.ProviderUscApplicationTests" time="16.722" tests="1" errors="0" skipped="0" failures="0">
  <properties>
    <property name="sun.desktop" value="windows"/>
    <property name="awt.toolkit" value="sun.awt.windows.WToolkit"/>
    <property name="file.encoding.pkg" value="sun.io"/>
    <property name="java.specification.version" value="1.8"/>
    <property name="sun.cpu.isalist" value="amd64"/>
    <property name="sun.jnu.encoding" value="GBK"/>
    <property name="java.class.path" value="F:\backup\mallcloud-srv-master\provider\provider-usc\target\test-classes;F:\backup\mallcloud-srv-master\provider\provider-usc\target\classes;D:\Program files\Apache\maven-repository\org\springframework\security\spring-security-core\5.0.8.RELEASE\spring-security-core-5.0.8.RELEASE.jar;D:\Program files\Apache\maven-repository\org\springframework\spring-aop\5.0.8.RELEASE\spring-aop-5.0.8.RELEASE.jar;D:\Program files\Apache\maven-repository\org\springframework\spring-beans\5.0.8.RELEASE\spring-beans-5.0.8.RELEASE.jar;D:\Program files\Apache\maven-repository\org\springframework\spring-context\5.0.8.RELEASE\spring-context-5.0.8.RELEASE.jar;D:\Program files\Apache\maven-repository\org\springframework\spring-core\5.0.8.RELEASE\spring-core-5.0.8.RELEASE.jar;D:\Program files\Apache\maven-repository\org\springframework\spring-jcl\5.0.8.RELEASE\spring-jcl-5.0.8.RELEASE.jar;D:\Program files\Apache\maven-repository\org\springframework\spring-expression\5.0.8.RELEASE\spring-expression-5.0.8.RELEASE.jar;D:\Program files\Apache\maven-repository\org\springframework\security\spring-security-web\5.0.8.RELEASE\spring-security-web-5.0.8.RELEASE.jar;D:\Program files\Apache\maven-repository\org\springframework\spring-web\5.0.8.RELEASE\spring-web-5.0.8.RELEASE.jar;D:\Program files\Apache\maven-repository\org\springframework\boot\spring-boot-starter-actuator\2.0.4.RELEASE\spring-boot-starter-actuator-2.0.4.RELEASE.jar;D:\Program files\Apache\maven-repository\org\springframework\boot\spring-boot-actuator-autoconfigure\2.0.4.RELEASE\spring-boot-actuator-autoconfigure-2.0.4.RELEASE.jar;D:\Program files\Apache\maven-repository\org\springframework\boot\spring-boot-actuator\2.0.4.RELEASE\spring-boot-actuator-2.0.4.RELEASE.jar;D:\Program files\Apache\maven-repository\com\fasterxml\jackson\core\jackson-databind\2.9.6\jackson-databind-2.9.6.jar;D:\Program files\Apache\maven-repository\com\fasterxml\jackson\core\jackson-core\2.9.6\jackson-core-2.9.6.jar;D:\Program files\Apache\maven-repository\com\fasterxml\jackson\datatype\jackson-datatype-jsr310\2.9.6\jackson-datatype-jsr310-2.9.6.jar;D:\Program files\Apache\maven-repository\io\micrometer\micrometer-core\1.0.6\micrometer-core-1.0.6.jar;D:\Program files\Apache\maven-repository\org\hdrhistogram\HdrHistogram\2.1.10\HdrHistogram-2.1.10.jar;D:\Program files\Apache\maven-repository\org\latencyutils\LatencyUtils\2.0.3\LatencyUtils-2.0.3.jar;D:\Program files\Apache\maven-repository\org\springframework\cloud\spring-cloud-starter-sleuth\2.0.1.RELEASE\spring-cloud-starter-sleuth-2.0.1.RELEASE.jar;D:\Program files\Apache\maven-repository\org\springframework\cloud\spring-cloud-starter\2.0.1.RELEASE\spring-cloud-starter-2.0.1.RELEASE.jar;D:\Program files\Apache\maven-repository\org\springframework\cloud\spring-cloud-context\2.0.1.RELEASE\spring-cloud-context-2.0.1.RELEASE.jar;D:\Program files\Apache\maven-repository\org\springframework\security\spring-security-crypto\5.0.7.RELEASE\spring-security-crypto-5.0.7.RELEASE.jar;D:\Program files\Apache\maven-repository\org\springframework\cloud\spring-cloud-commons\2.0.1.RELEASE\spring-cloud-commons-2.0.1.RELEASE.jar;D:\Program files\Apache\maven-repository\org\springframework\security\spring-security-rsa\1.0.5.RELEASE\spring-security-rsa-1.0.5.RELEASE.jar;D:\Program files\Apache\maven-repository\org\springframework\boot\spring-boot-starter-aop\2.0.4.RELEASE\spring-boot-starter-aop-2.0.4.RELEASE.jar;D:\Program files\Apache\maven-repository\org\aspectj\aspectjweaver\1.8.13\aspectjweaver-1.8.13.jar;D:\Program files\Apache\maven-repository\org\springframework\cloud\spring-cloud-sleuth-core\2.0.1.RELEASE\spring-cloud-sleuth-core-2.0.1.RELEASE.jar;D:\Program files\Apache\maven-repository\org\aspectj\aspectjrt\1.8.13\aspectjrt-1.8.13.jar;D:\Program files\Apache\maven-repository\io\zipkin\brave\brave\5.1.4\brave-5.1.4.jar;D:\Program files\Apache\maven-repository\io\zipkin\zipkin2\zipkin\2.10.4\zipkin-2.10.4.jar;D:\Program files\Apache\maven-repository\io\zipkin\reporter2\zipkin-reporter\2.7.7\zipkin-reporter-2.7.7.jar;D:\Program files\Apache\maven-repository\io\zipkin\brave\brave-context-log4j2\5.1.4\brave-context-log4j2-5.1.4.jar;D:\Program files\Apache\maven-repository\io\zipkin\brave\brave-instrumentation-spring-web\5.1.4\brave-instrumentation-spring-web-5.1.4.jar;D:\Program files\Apache\maven-repository\io\zipkin\brave\brave-instrumentation-http\5.1.4\brave-instrumentation-http-5.1.4.jar;D:\Program files\Apache\maven-repository\io\zipkin\brave\brave-instrumentation-spring-rabbit\5.1.4\brave-instrumentation-spring-rabbit-5.1.4.jar;D:\Program files\Apache\maven-repository\io\zipkin\brave\brave-instrumentation-kafka-clients\5.1.4\brave-instrumentation-kafka-clients-5.1.4.jar;D:\Program files\Apache\maven-repository\io\zipkin\brave\brave-instrumentation-httpclient\5.1.4\brave-instrumentation-httpclient-5.1.4.jar;D:\Program files\Apache\maven-repository\io\zipkin\brave\brave-instrumentation-httpasyncclient\5.1.4\brave-instrumentation-httpasyncclient-5.1.4.jar;D:\Program files\Apache\maven-repository\io\zipkin\brave\brave-instrumentation-spring-webmvc\5.1.4\brave-instrumentation-spring-webmvc-5.1.4.jar;D:\Program files\Apache\maven-repository\io\zipkin\brave\brave-instrumentation-servlet\5.1.4\brave-instrumentation-servlet-5.1.4.jar;D:\Program files\Apache\maven-repository\com\spring4all\swagger-spring-boot-starter\1.7.0.RELEASE\swagger-spring-boot-starter-1.7.0.RELEASE.jar;D:\Program files\Apache\maven-repository\io\springfox\springfox-swagger-ui\2.6.1\springfox-swagger-ui-2.6.1.jar;D:\Program files\Apache\maven-repository\io\springfox\springfox-spring-web\2.6.1\springfox-spring-web-2.6.1.jar;D:\Program files\Apache\maven-repository\io\springfox\springfox-swagger2\2.6.1\springfox-swagger2-2.6.1.jar;D:\Program files\Apache\maven-repository\io\swagger\swagger-annotations\1.5.10\swagger-annotations-1.5.10.jar;D:\Program files\Apache\maven-repository\io\swagger\swagger-models\1.5.10\swagger-models-1.5.10.jar;D:\Program files\Apache\maven-repository\io\springfox\springfox-spi\2.6.1\springfox-spi-2.6.1.jar;D:\Program files\Apache\maven-repository\io\springfox\springfox-core\2.6.1\springfox-core-2.6.1.jar;D:\Program files\Apache\maven-repository\io\springfox\springfox-schema\2.6.1\springfox-schema-2.6.1.jar;D:\Program files\Apache\maven-repository\io\springfox\springfox-swagger-common\2.6.1\springfox-swagger-common-2.6.1.jar;D:\Program files\Apache\maven-repository\com\google\guava\guava\18.0\guava-18.0.jar;D:\Program files\Apache\maven-repository\com\fasterxml\classmate\1.3.4\classmate-1.3.4.jar;D:\Program files\Apache\maven-repository\org\springframework\plugin\spring-plugin-core\1.2.0.RELEASE\spring-plugin-core-1.2.0.RELEASE.jar;D:\Program files\Apache\maven-repository\org\springframework\plugin\spring-plugin-metadata\1.2.0.RELEASE\spring-plugin-metadata-1.2.0.RELEASE.jar;D:\Program files\Apache\maven-repository\org\mapstruct\mapstruct\1.0.0.Final\mapstruct-1.0.0.Final.jar;D:\Program files\Apache\maven-repository\io\springfox\springfox-bean-validators\2.8.0\springfox-bean-validators-2.8.0.jar;D:\Program files\Apache\maven-repository\com\github\pagehelper\pagehelper-spring-boot-starter\1.2.5\pagehelper-spring-boot-starter-1.2.5.jar;D:\Program files\Apache\maven-repository\org\mybatis\spring\boot\mybatis-spring-boot-starter\1.3.2\mybatis-spring-boot-starter-1.3.2.jar;D:\Program files\Apache\maven-repository\org\mybatis\spring\boot\mybatis-spring-boot-autoconfigure\1.3.2\mybatis-spring-boot-autoconfigure-1.3.2.jar;D:\Program files\Apache\maven-repository\com\github\pagehelper\pagehelper-spring-boot-autoconfigure\1.2.5\pagehelper-spring-boot-autoconfigure-1.2.5.jar;D:\Program files\Apache\maven-repository\com\github\pagehelper\pagehelper\5.1.4\pagehelper-5.1.4.jar;D:\Program files\Apache\maven-repository\com\github\jsqlparser\jsqlparser\1.0\jsqlparser-1.0.jar;D:\Program files\Apache\maven-repository\mysql\mysql-connector-java\8.0.11\mysql-connector-java-8.0.11.jar;D:\Program files\Apache\maven-repository\com\google\protobuf\protobuf-java\2.6.0\protobuf-java-2.6.0.jar;D:\Program files\Apache\maven-repository\tk\mybatis\mapper-spring-boot-starter\2.0.2\mapper-spring-boot-starter-2.0.2.jar;D:\Program files\Apache\maven-repository\org\springframework\boot\spring-boot-starter-jdbc\2.0.4.RELEASE\spring-boot-starter-jdbc-2.0.4.RELEASE.jar;D:\Program files\Apache\maven-repository\com\zaxxer\HikariCP\2.7.9\HikariCP-2.7.9.jar;D:\Program files\Apache\maven-repository\org\springframework\spring-jdbc\5.0.8.RELEASE\spring-jdbc-5.0.8.RELEASE.jar;D:\Program files\Apache\maven-repository\org\mybatis\mybatis\3.4.6\mybatis-3.4.6.jar;D:\Program files\Apache\maven-repository\org\mybatis\mybatis-spring\1.3.2\mybatis-spring-1.3.2.jar;D:\Program files\Apache\maven-repository\tk\mybatis\mapper-core\1.0.2\mapper-core-1.0.2.jar;D:\Program files\Apache\maven-repository\javax\persistence\persistence-api\1.0\persistence-api-1.0.jar;D:\Program files\Apache\maven-repository\tk\mybatis\mapper-base\1.0.1\mapper-base-1.0.1.jar;D:\Program files\Apache\maven-repository\tk\mybatis\mapper-weekend\1.1.3\mapper-weekend-1.1.3.jar;D:\Program files\Apache\maven-repository\tk\mybatis\mapper-spring\1.0.1\mapper-spring-1.0.1.jar;D:\Program files\Apache\maven-repository\tk\mybatis\mapper-extra\1.0.1\mapper-extra-1.0.1.jar;D:\Program files\Apache\maven-repository\tk\mybatis\mapper-spring-boot-autoconfigure\2.0.2\mapper-spring-boot-autoconfigure-2.0.2.jar;D:\Program files\Apache\maven-repository\org\projectlombok\lombok\1.16.22\lombok-1.16.22.jar;D:\Program files\Apache\maven-repository\com\github\penggle\kaptcha\2.3.2\kaptcha-2.3.2.jar;D:\Program files\Apache\maven-repository\javax\servlet\javax.servlet-api\3.1.0\javax.servlet-api-3.1.0.jar;D:\Program files\Apache\maven-repository\com\jhlabs\filters\2.0.235-1\filters-2.0.235-1.jar;D:\Program files\Apache\maven-repository\org\springframework\data\spring-data-redis\2.0.9.RELEASE\spring-data-redis-2.0.9.RELEASE.jar;D:\Program files\Apache\maven-repository\org\springframework\data\spring-data-keyvalue\2.0.9.RELEASE\spring-data-keyvalue-2.0.9.RELEASE.jar;D:\Program files\Apache\maven-repository\org\springframework\data\spring-data-commons\2.0.9.RELEASE\spring-data-commons-2.0.9.RELEASE.jar;D:\Program files\Apache\maven-repository\org\springframework\spring-tx\5.0.8.RELEASE\spring-tx-5.0.8.RELEASE.jar;D:\Program files\Apache\maven-repository\org\springframework\spring-oxm\5.0.8.RELEASE\spring-oxm-5.0.8.RELEASE.jar;D:\Program files\Apache\maven-repository\org\slf4j\slf4j-api\1.7.25\slf4j-api-1.7.25.jar;D:\Program files\Apache\maven-repository\redis\clients\jedis\2.9.0\jedis-2.9.0.jar;D:\Program files\Apache\maven-repository\org\apache\commons\commons-pool2\2.5.0\commons-pool2-2.5.0.jar;D:\Program files\Apache\maven-repository\org\springframework\cloud\spring-cloud-starter-oauth2\2.0.0.RELEASE\spring-cloud-starter-oauth2-2.0.0.RELEASE.jar;D:\Program files\Apache\maven-repository\org\springframework\cloud\spring-cloud-starter-security\2.0.0.RELEASE\spring-cloud-starter-security-2.0.0.RELEASE.jar;D:\Program files\Apache\maven-repository\org\springframework\cloud\spring-cloud-security\2.0.0.RELEASE\spring-cloud-security-2.0.0.RELEASE.jar;D:\Program files\Apache\maven-repository\org\springframework\security\oauth\boot\spring-security-oauth2-autoconfigure\2.0.0.RELEASE\spring-security-oauth2-autoconfigure-2.0.0.RELEASE.jar;D:\Program files\Apache\maven-repository\com\fasterxml\jackson\core\jackson-annotations\2.9.0\jackson-annotations-2.9.0.jar;D:\Program files\Apache\maven-repository\org\springframework\security\oauth\spring-security-oauth2\2.2.1.RELEASE\spring-security-oauth2-2.2.1.RELEASE.jar;D:\Program files\Apache\maven-repository\org\springframework\security\spring-security-config\5.0.7.RELEASE\spring-security-config-5.0.7.RELEASE.jar;D:\Program files\Apache\maven-repository\org\codehaus\jackson\jackson-mapper-asl\1.9.13\jackson-mapper-asl-1.9.13.jar;D:\Program files\Apache\maven-repository\org\codehaus\jackson\jackson-core-asl\1.9.13\jackson-core-asl-1.9.13.jar;F:\backup\mallcloud-srv-master\provider-api\provider-usc-api\target\provider-usc-api-0.0.1.jar;F:\backup\mallcloud-srv-master\common\common-util\target\common-util-0.0.1.jar;D:\Program files\Apache\maven-repository\io\jsonwebtoken\jjwt\0.7.0\jjwt-0.7.0.jar;D:\Program files\Apache\maven-repository\org\springframework\boot\spring-boot-starter-security\2.0.4.RELEASE\spring-boot-starter-security-2.0.4.RELEASE.jar;D:\Program files\Apache\maven-repository\com\belerweb\pinyin4j\2.5.0\pinyin4j-2.5.0.jar;F:\backup\mallcloud-srv-master\common\common-base\target\common-base-0.0.1.jar;D:\Program files\Apache\maven-repository\org\springframework\cloud\spring-cloud-starter-netflix-hystrix\2.0.1.RELEASE\spring-cloud-starter-netflix-hystrix-2.0.1.RELEASE.jar;D:\Program files\Apache\maven-repository\org\springframework\cloud\spring-cloud-netflix-core\2.0.1.RELEASE\spring-cloud-netflix-core-2.0.1.RELEASE.jar;D:\Program files\Apache\maven-repository\org\springframework\cloud\spring-cloud-netflix-ribbon\2.0.1.RELEASE\spring-cloud-netflix-ribbon-2.0.1.RELEASE.jar;D:\Program files\Apache\maven-repository\org\springframework\cloud\spring-cloud-netflix-archaius\2.0.1.RELEASE\spring-cloud-netflix-archaius-2.0.1.RELEASE.jar;D:\Program files\Apache\maven-repository\org\springframework\cloud\spring-cloud-starter-netflix-archaius\2.0.1.RELEASE\spring-cloud-starter-netflix-archaius-2.0.1.RELEASE.jar;D:\Program files\Apache\maven-repository\com\netflix\hystrix\hystrix-serialization\1.5.12\hystrix-serialization-1.5.12.jar;D:\Program files\Apache\maven-repository\com\fasterxml\jackson\module\jackson-module-afterburner\2.9.6\jackson-module-afterburner-2.9.6.jar;D:\Program files\Apache\maven-repository\com\netflix\hystrix\hystrix-metrics-event-stream\1.5.12\hystrix-metrics-event-stream-1.5.12.jar;D:\Program files\Apache\maven-repository\com\netflix\hystrix\hystrix-javanica\1.5.12\hystrix-javanica-1.5.12.jar;D:\Program files\Apache\maven-repository\org\ow2\asm\asm\5.0.4\asm-5.0.4.jar;D:\Program files\Apache\maven-repository\io\reactivex\rxjava-reactive-streams\1.2.1\rxjava-reactive-streams-1.2.1.jar;D:\Program files\Apache\maven-repository\org\reactivestreams\reactive-streams\1.0.2\reactive-streams-1.0.2.jar;D:\Program files\Apache\maven-repository\org\springframework\cloud\spring-cloud-starter-netflix-hystrix-dashboard\2.0.1.RELEASE\spring-cloud-starter-netflix-hystrix-dashboard-2.0.1.RELEASE.jar;D:\Program files\Apache\maven-repository\org\springframework\cloud\spring-cloud-netflix-hystrix-dashboard\2.0.1.RELEASE\spring-cloud-netflix-hystrix-dashboard-2.0.1.RELEASE.jar;D:\Program files\Apache\maven-repository\org\webjars\jquery\2.1.1\jquery-2.1.1.jar;D:\Program files\Apache\maven-repository\org\webjars\d3js\3.4.11\d3js-3.4.11.jar;D:\Program files\Apache\maven-repository\eu\bitwalker\UserAgentUtils\1.20\UserAgentUtils-1.20.jar;D:\Program files\Apache\maven-repository\com\alibaba\fastjson\1.2.29\fastjson-1.2.29.jar;D:\Program files\Apache\maven-repository\org\springframework\spring-context-support\5.1.5.RELEASE\spring-context-support-5.1.5.RELEASE.jar;D:\Program files\Apache\maven-repository\org\springframework\boot\spring-boot-starter-mail\2.0.4.RELEASE\spring-boot-starter-mail-2.0.4.RELEASE.jar;D:\Program files\Apache\maven-repository\com\sun\mail\javax.mail\1.6.1\javax.mail-1.6.1.jar;D:\Program files\Apache\maven-repository\javax\activation\activation\1.1\activation-1.1.jar;D:\Program files\Apache\maven-repository\org\springframework\boot\spring-boot-starter-freemarker\2.0.4.RELEASE\spring-boot-starter-freemarker-2.0.4.RELEASE.jar;D:\Program files\Apache\maven-repository\org\freemarker\freemarker\2.3.28\freemarker-2.3.28.jar;D:\Program files\Apache\maven-repository\org\modelmapper\modelmapper\1.1.2\modelmapper-1.1.2.jar;D:\Program files\Apache\maven-repository\commons-collections\commons-collections\3.2.2\commons-collections-3.2.2.jar;D:\Program files\Apache\maven-repository\org\springframework\security\spring-security-jwt\1.0.9.RELEASE\spring-security-jwt-1.0.9.RELEASE.jar;D:\Program files\Apache\maven-repository\org\bouncycastle\bcpkix-jdk15on\1.56\bcpkix-jdk15on-1.56.jar;D:\Program files\Apache\maven-repository\org\bouncycastle\bcprov-jdk15on\1.56\bcprov-jdk15on-1.56.jar;D:\Program files\Apache\maven-repository\org\springframework\boot\spring-boot-configuration-processor\2.0.4.RELEASE\spring-boot-configuration-processor-2.0.4.RELEASE.jar;F:\backup\mallcloud-srv-master\common\common-config\target\common-config-0.0.1.jar;F:\backup\mallcloud-srv-master\common\common-core\target\common-core-0.0.1.jar;D:\Program files\Apache\maven-repository\org\springframework\cloud\spring-cloud-starter-hystrix\1.4.0.RELEASE\spring-cloud-starter-hystrix-1.4.0.RELEASE.jar;D:\Program files\Apache\maven-repository\com\netflix\hystrix\hystrix-core\1.5.12\hystrix-core-1.5.12.jar;D:\Program files\Apache\maven-repository\com\netflix\archaius\archaius-core\0.7.6\archaius-core-0.7.6.jar;D:\Program files\Apache\maven-repository\com\google\code\findbugs\jsr305\3.0.1\jsr305-3.0.1.jar;D:\Program files\Apache\maven-repository\commons-configuration\commons-configuration\1.8\commons-configuration-1.8.jar;D:\Program files\Apache\maven-repository\commons-lang\commons-lang\2.6\commons-lang-2.6.jar;D:\Program files\Apache\maven-repository\io\reactivex\rxjava\1.3.8\rxjava-1.3.8.jar;D:\Program files\Apache\maven-repository\org\apache\commons\commons-lang3\3.5\commons-lang3-3.5.jar;D:\Program files\Apache\maven-repository\org\springframework\boot\spring-boot-starter-web\2.0.4.RELEASE\spring-boot-starter-web-2.0.4.RELEASE.jar;D:\Program files\Apache\maven-repository\org\springframework\boot\spring-boot-starter-json\2.0.4.RELEASE\spring-boot-starter-json-2.0.4.RELEASE.jar;D:\Program files\Apache\maven-repository\com\fasterxml\jackson\datatype\jackson-datatype-jdk8\2.9.6\jackson-datatype-jdk8-2.9.6.jar;D:\Program files\Apache\maven-repository\com\fasterxml\jackson\module\jackson-module-parameter-names\2.9.6\jackson-module-parameter-names-2.9.6.jar;D:\Program files\Apache\maven-repository\org\springframework\boot\spring-boot-starter-tomcat\2.0.4.RELEASE\spring-boot-starter-tomcat-2.0.4.RELEASE.jar;D:\Program files\Apache\maven-repository\org\apache\tomcat\embed\tomcat-embed-core\8.5.32\tomcat-embed-core-8.5.32.jar;D:\Program files\Apache\maven-repository\org\apache\tomcat\embed\tomcat-embed-el\8.5.32\tomcat-embed-el-8.5.32.jar;D:\Program files\Apache\maven-repository\org\apache\tomcat\embed\tomcat-embed-websocket\8.5.32\tomcat-embed-websocket-8.5.32.jar;D:\Program files\Apache\maven-repository\org\hibernate\validator\hibernate-validator\6.0.11.Final\hibernate-validator-6.0.11.Final.jar;D:\Program files\Apache\maven-repository\javax\validation\validation-api\2.0.1.Final\validation-api-2.0.1.Final.jar;D:\Program files\Apache\maven-repository\org\jboss\logging\jboss-logging\3.3.2.Final\jboss-logging-3.3.2.Final.jar;D:\Program files\Apache\maven-repository\org\springframework\spring-webmvc\5.0.8.RELEASE\spring-webmvc-5.0.8.RELEASE.jar;D:\Program files\Apache\maven-repository\org\springframework\boot\spring-boot-starter\2.0.4.RELEASE\spring-boot-starter-2.0.4.RELEASE.jar;D:\Program files\Apache\maven-repository\org\springframework\boot\spring-boot\2.0.4.RELEASE\spring-boot-2.0.4.RELEASE.jar;D:\Program files\Apache\maven-repository\org\springframework\boot\spring-boot-autoconfigure\2.0.4.RELEASE\spring-boot-autoconfigure-2.0.4.RELEASE.jar;D:\Program files\Apache\maven-repository\org\springframework\boot\spring-boot-starter-logging\2.0.4.RELEASE\spring-boot-starter-logging-2.0.4.RELEASE.jar;D:\Program files\Apache\maven-repository\ch\qos\logback\logback-classic\1.2.3\logback-classic-1.2.3.jar;D:\Program files\Apache\maven-repository\ch\qos\logback\logback-core\1.2.3\logback-core-1.2.3.jar;D:\Program files\Apache\maven-repository\org\apache\logging\log4j\log4j-to-slf4j\2.10.0\log4j-to-slf4j-2.10.0.jar;D:\Program files\Apache\maven-repository\org\apache\logging\log4j\log4j-api\2.10.0\log4j-api-2.10.0.jar;D:\Program files\Apache\maven-repository\org\slf4j\jul-to-slf4j\1.7.25\jul-to-slf4j-1.7.25.jar;D:\Program files\Apache\maven-repository\javax\annotation\javax.annotation-api\1.3.2\javax.annotation-api-1.3.2.jar;D:\Program files\Apache\maven-repository\org\yaml\snakeyaml\1.19\snakeyaml-1.19.jar;D:\Program files\Apache\maven-repository\org\springframework\boot\spring-boot-starter-test\2.0.4.RELEASE\spring-boot-starter-test-2.0.4.RELEASE.jar;D:\Program files\Apache\maven-repository\org\springframework\boot\spring-boot-test\2.0.4.RELEASE\spring-boot-test-2.0.4.RELEASE.jar;D:\Program files\Apache\maven-repository\org\springframework\boot\spring-boot-test-autoconfigure\2.0.4.RELEASE\spring-boot-test-autoconfigure-2.0.4.RELEASE.jar;D:\Program files\Apache\maven-repository\com\jayway\jsonpath\json-path\2.4.0\json-path-2.4.0.jar;D:\Program files\Apache\maven-repository\net\minidev\json-smart\2.3\json-smart-2.3.jar;D:\Program files\Apache\maven-repository\net\minidev\accessors-smart\1.2\accessors-smart-1.2.jar;D:\Program files\Apache\maven-repository\junit\junit\4.12\junit-4.12.jar;D:\Program files\Apache\maven-repository\org\assertj\assertj-core\3.9.1\assertj-core-3.9.1.jar;D:\Program files\Apache\maven-repository\org\mockito\mockito-core\2.15.0\mockito-core-2.15.0.jar;D:\Program files\Apache\maven-repository\net\bytebuddy\byte-buddy\1.7.11\byte-buddy-1.7.11.jar;D:\Program files\Apache\maven-repository\net\bytebuddy\byte-buddy-agent\1.7.11\byte-buddy-agent-1.7.11.jar;D:\Program files\Apache\maven-repository\org\objenesis\objenesis\2.6\objenesis-2.6.jar;D:\Program files\Apache\maven-repository\org\hamcrest\hamcrest-core\1.3\hamcrest-core-1.3.jar;D:\Program files\Apache\maven-repository\org\hamcrest\hamcrest-library\1.3\hamcrest-library-1.3.jar;D:\Program files\Apache\maven-repository\org\skyscreamer\jsonassert\1.5.0\jsonassert-1.5.0.jar;D:\Program files\Apache\maven-repository\com\vaadin\external\google\android-json\0.0.20131108.vaadin1\android-json-0.0.20131108.vaadin1.jar;D:\Program files\Apache\maven-repository\org\springframework\spring-test\5.0.8.RELEASE\spring-test-5.0.8.RELEASE.jar;D:\Program files\Apache\maven-repository\org\xmlunit\xmlunit-core\2.5.1\xmlunit-core-2.5.1.jar;D:\Program files\Apache\maven-repository\com\arronlong\httpclientutil\httpclientutil\1.0\httpclientutil-1.0.jar;D:\Program files\Apache\maven-repository\org\apache\httpcomponents\httpclient\4.5.6\httpclient-4.5.6.jar;D:\Program files\Apache\maven-repository\org\apache\httpcomponents\httpcore\4.4.10\httpcore-4.4.10.jar;D:\Program files\Apache\maven-repository\commons-codec\commons-codec\1.11\commons-codec-1.11.jar;D:\Program files\Apache\maven-repository\org\apache\httpcomponents\httpmime\4.5.6\httpmime-4.5.6.jar;D:\Program files\Apache\maven-repository\org\apache\httpcomponents\httpasyncclient\4.1.3\httpasyncclient-4.1.3.jar;D:\Program files\Apache\maven-repository\org\apache\httpcomponents\httpcore-nio\4.4.10\httpcore-nio-4.4.10.jar;D:\Program files\Apache\maven-repository\log4j\log4j\1.2.17\log4j-1.2.17.jar;D:\Program files\Apache\maven-repository\com\xiaoleilu\hutool-all\3.0.7\hutool-all-3.0.7.jar;"/>
    <property name="java.vm.vendor" value="Oracle Corporation"/>
    <property name="sun.arch.data.model" value="64"/>
    <property name="user.variant" value=""/>
    <property name="java.vendor.url" value="http://java.oracle.com/"/>
    <property name="user.timezone" value=""/>
    <property name="java.vm.specification.version" value="1.8"/>
    <property name="os.name" value="Windows 10"/>
    <property name="user.country" value="CN"/>
    <property name="sun.java.launcher" value="SUN_STANDARD"/>
    <property name="sun.boot.library.path" value="D:\Program files\java\jdk1.8.0_181\jre\bin"/>
    <property name="sun.java.command" value="C:\Users\P52\AppData\Local\Temp\surefire9072181893319441609\surefirebooter4667177609187584324.jar C:\Users\P52\AppData\Local\Temp\surefire9072181893319441609 2019-02-24T21-24-51_487-jvmRun1 surefire7983140633779476098tmp surefire_06494330304316539327tmp"/>
    <property name="surefire.test.class.path" value="F:\backup\mallcloud-srv-master\provider\provider-usc\target\test-classes;F:\backup\mallcloud-srv-master\provider\provider-usc\target\classes;D:\Program files\Apache\maven-repository\org\springframework\security\spring-security-core\5.0.8.RELEASE\spring-security-core-5.0.8.RELEASE.jar;D:\Program files\Apache\maven-repository\org\springframework\spring-aop\5.0.8.RELEASE\spring-aop-5.0.8.RELEASE.jar;D:\Program files\Apache\maven-repository\org\springframework\spring-beans\5.0.8.RELEASE\spring-beans-5.0.8.RELEASE.jar;D:\Program files\Apache\maven-repository\org\springframework\spring-context\5.0.8.RELEASE\spring-context-5.0.8.RELEASE.jar;D:\Program files\Apache\maven-repository\org\springframework\spring-core\5.0.8.RELEASE\spring-core-5.0.8.RELEASE.jar;D:\Program files\Apache\maven-repository\org\springframework\spring-jcl\5.0.8.RELEASE\spring-jcl-5.0.8.RELEASE.jar;D:\Program files\Apache\maven-repository\org\springframework\spring-expression\5.0.8.RELEASE\spring-expression-5.0.8.RELEASE.jar;D:\Program files\Apache\maven-repository\org\springframework\security\spring-security-web\5.0.8.RELEASE\spring-security-web-5.0.8.RELEASE.jar;D:\Program files\Apache\maven-repository\org\springframework\spring-web\5.0.8.RELEASE\spring-web-5.0.8.RELEASE.jar;D:\Program files\Apache\maven-repository\org\springframework\boot\spring-boot-starter-actuator\2.0.4.RELEASE\spring-boot-starter-actuator-2.0.4.RELEASE.jar;D:\Program files\Apache\maven-repository\org\springframework\boot\spring-boot-actuator-autoconfigure\2.0.4.RELEASE\spring-boot-actuator-autoconfigure-2.0.4.RELEASE.jar;D:\Program files\Apache\maven-repository\org\springframework\boot\spring-boot-actuator\2.0.4.RELEASE\spring-boot-actuator-2.0.4.RELEASE.jar;D:\Program files\Apache\maven-repository\com\fasterxml\jackson\core\jackson-databind\2.9.6\jackson-databind-2.9.6.jar;D:\Program files\Apache\maven-repository\com\fasterxml\jackson\core\jackson-core\2.9.6\jackson-core-2.9.6.jar;D:\Program files\Apache\maven-repository\com\fasterxml\jackson\datatype\jackson-datatype-jsr310\2.9.6\jackson-datatype-jsr310-2.9.6.jar;D:\Program files\Apache\maven-repository\io\micrometer\micrometer-core\1.0.6\micrometer-core-1.0.6.jar;D:\Program files\Apache\maven-repository\org\hdrhistogram\HdrHistogram\2.1.10\HdrHistogram-2.1.10.jar;D:\Program files\Apache\maven-repository\org\latencyutils\LatencyUtils\2.0.3\LatencyUtils-2.0.3.jar;D:\Program files\Apache\maven-repository\org\springframework\cloud\spring-cloud-starter-sleuth\2.0.1.RELEASE\spring-cloud-starter-sleuth-2.0.1.RELEASE.jar;D:\Program files\Apache\maven-repository\org\springframework\cloud\spring-cloud-starter\2.0.1.RELEASE\spring-cloud-starter-2.0.1.RELEASE.jar;D:\Program files\Apache\maven-repository\org\springframework\cloud\spring-cloud-context\2.0.1.RELEASE\spring-cloud-context-2.0.1.RELEASE.jar;D:\Program files\Apache\maven-repository\org\springframework\security\spring-security-crypto\5.0.7.RELEASE\spring-security-crypto-5.0.7.RELEASE.jar;D:\Program files\Apache\maven-repository\org\springframework\cloud\spring-cloud-commons\2.0.1.RELEASE\spring-cloud-commons-2.0.1.RELEASE.jar;D:\Program files\Apache\maven-repository\org\springframework\security\spring-security-rsa\1.0.5.RELEASE\spring-security-rsa-1.0.5.RELEASE.jar;D:\Program files\Apache\maven-repository\org\springframework\boot\spring-boot-starter-aop\2.0.4.RELEASE\spring-boot-starter-aop-2.0.4.RELEASE.jar;D:\Program files\Apache\maven-repository\org\aspectj\aspectjweaver\1.8.13\aspectjweaver-1.8.13.jar;D:\Program files\Apache\maven-repository\org\springframework\cloud\spring-cloud-sleuth-core\2.0.1.RELEASE\spring-cloud-sleuth-core-2.0.1.RELEASE.jar;D:\Program files\Apache\maven-repository\org\aspectj\aspectjrt\1.8.13\aspectjrt-1.8.13.jar;D:\Program files\Apache\maven-repository\io\zipkin\brave\brave\5.1.4\brave-5.1.4.jar;D:\Program files\Apache\maven-repository\io\zipkin\zipkin2\zipkin\2.10.4\zipkin-2.10.4.jar;D:\Program files\Apache\maven-repository\io\zipkin\reporter2\zipkin-reporter\2.7.7\zipkin-reporter-2.7.7.jar;D:\Program files\Apache\maven-repository\io\zipkin\brave\brave-context-log4j2\5.1.4\brave-context-log4j2-5.1.4.jar;D:\Program files\Apache\maven-repository\io\zipkin\brave\brave-instrumentation-spring-web\5.1.4\brave-instrumentation-spring-web-5.1.4.jar;D:\Program files\Apache\maven-repository\io\zipkin\brave\brave-instrumentation-http\5.1.4\brave-instrumentation-http-5.1.4.jar;D:\Program files\Apache\maven-repository\io\zipkin\brave\brave-instrumentation-spring-rabbit\5.1.4\brave-instrumentation-spring-rabbit-5.1.4.jar;D:\Program files\Apache\maven-repository\io\zipkin\brave\brave-instrumentation-kafka-clients\5.1.4\brave-instrumentation-kafka-clients-5.1.4.jar;D:\Program files\Apache\maven-repository\io\zipkin\brave\brave-instrumentation-httpclient\5.1.4\brave-instrumentation-httpclient-5.1.4.jar;D:\Program files\Apache\maven-repository\io\zipkin\brave\brave-instrumentation-httpasyncclient\5.1.4\brave-instrumentation-httpasyncclient-5.1.4.jar;D:\Program files\Apache\maven-repository\io\zipkin\brave\brave-instrumentation-spring-webmvc\5.1.4\brave-instrumentation-spring-webmvc-5.1.4.jar;D:\Program files\Apache\maven-repository\io\zipkin\brave\brave-instrumentation-servlet\5.1.4\brave-instrumentation-servlet-5.1.4.jar;D:\Program files\Apache\maven-repository\com\spring4all\swagger-spring-boot-starter\1.7.0.RELEASE\swagger-spring-boot-starter-1.7.0.RELEASE.jar;D:\Program files\Apache\maven-repository\io\springfox\springfox-swagger-ui\2.6.1\springfox-swagger-ui-2.6.1.jar;D:\Program files\Apache\maven-repository\io\springfox\springfox-spring-web\2.6.1\springfox-spring-web-2.6.1.jar;D:\Program files\Apache\maven-repository\io\springfox\springfox-swagger2\2.6.1\springfox-swagger2-2.6.1.jar;D:\Program files\Apache\maven-repository\io\swagger\swagger-annotations\1.5.10\swagger-annotations-1.5.10.jar;D:\Program files\Apache\maven-repository\io\swagger\swagger-models\1.5.10\swagger-models-1.5.10.jar;D:\Program files\Apache\maven-repository\io\springfox\springfox-spi\2.6.1\springfox-spi-2.6.1.jar;D:\Program files\Apache\maven-repository\io\springfox\springfox-core\2.6.1\springfox-core-2.6.1.jar;D:\Program files\Apache\maven-repository\io\springfox\springfox-schema\2.6.1\springfox-schema-2.6.1.jar;D:\Program files\Apache\maven-repository\io\springfox\springfox-swagger-common\2.6.1\springfox-swagger-common-2.6.1.jar;D:\Program files\Apache\maven-repository\com\google\guava\guava\18.0\guava-18.0.jar;D:\Program files\Apache\maven-repository\com\fasterxml\classmate\1.3.4\classmate-1.3.4.jar;D:\Program files\Apache\maven-repository\org\springframework\plugin\spring-plugin-core\1.2.0.RELEASE\spring-plugin-core-1.2.0.RELEASE.jar;D:\Program files\Apache\maven-repository\org\springframework\plugin\spring-plugin-metadata\1.2.0.RELEASE\spring-plugin-metadata-1.2.0.RELEASE.jar;D:\Program files\Apache\maven-repository\org\mapstruct\mapstruct\1.0.0.Final\mapstruct-1.0.0.Final.jar;D:\Program files\Apache\maven-repository\io\springfox\springfox-bean-validators\2.8.0\springfox-bean-validators-2.8.0.jar;D:\Program files\Apache\maven-repository\com\github\pagehelper\pagehelper-spring-boot-starter\1.2.5\pagehelper-spring-boot-starter-1.2.5.jar;D:\Program files\Apache\maven-repository\org\mybatis\spring\boot\mybatis-spring-boot-starter\1.3.2\mybatis-spring-boot-starter-1.3.2.jar;D:\Program files\Apache\maven-repository\org\mybatis\spring\boot\mybatis-spring-boot-autoconfigure\1.3.2\mybatis-spring-boot-autoconfigure-1.3.2.jar;D:\Program files\Apache\maven-repository\com\github\pagehelper\pagehelper-spring-boot-autoconfigure\1.2.5\pagehelper-spring-boot-autoconfigure-1.2.5.jar;D:\Program files\Apache\maven-repository\com\github\pagehelper\pagehelper\5.1.4\pagehelper-5.1.4.jar;D:\Program files\Apache\maven-repository\com\github\jsqlparser\jsqlparser\1.0\jsqlparser-1.0.jar;D:\Program files\Apache\maven-repository\mysql\mysql-connector-java\8.0.11\mysql-connector-java-8.0.11.jar;D:\Program files\Apache\maven-repository\com\google\protobuf\protobuf-java\2.6.0\protobuf-java-2.6.0.jar;D:\Program files\Apache\maven-repository\tk\mybatis\mapper-spring-boot-starter\2.0.2\mapper-spring-boot-starter-2.0.2.jar;D:\Program files\Apache\maven-repository\org\springframework\boot\spring-boot-starter-jdbc\2.0.4.RELEASE\spring-boot-starter-jdbc-2.0.4.RELEASE.jar;D:\Program files\Apache\maven-repository\com\zaxxer\HikariCP\2.7.9\HikariCP-2.7.9.jar;D:\Program files\Apache\maven-repository\org\springframework\spring-jdbc\5.0.8.RELEASE\spring-jdbc-5.0.8.RELEASE.jar;D:\Program files\Apache\maven-repository\org\mybatis\mybatis\3.4.6\mybatis-3.4.6.jar;D:\Program files\Apache\maven-repository\org\mybatis\mybatis-spring\1.3.2\mybatis-spring-1.3.2.jar;D:\Program files\Apache\maven-repository\tk\mybatis\mapper-core\1.0.2\mapper-core-1.0.2.jar;D:\Program files\Apache\maven-repository\javax\persistence\persistence-api\1.0\persistence-api-1.0.jar;D:\Program files\Apache\maven-repository\tk\mybatis\mapper-base\1.0.1\mapper-base-1.0.1.jar;D:\Program files\Apache\maven-repository\tk\mybatis\mapper-weekend\1.1.3\mapper-weekend-1.1.3.jar;D:\Program files\Apache\maven-repository\tk\mybatis\mapper-spring\1.0.1\mapper-spring-1.0.1.jar;D:\Program files\Apache\maven-repository\tk\mybatis\mapper-extra\1.0.1\mapper-extra-1.0.1.jar;D:\Program files\Apache\maven-repository\tk\mybatis\mapper-spring-boot-autoconfigure\2.0.2\mapper-spring-boot-autoconfigure-2.0.2.jar;D:\Program files\Apache\maven-repository\org\projectlombok\lombok\1.16.22\lombok-1.16.22.jar;D:\Program files\Apache\maven-repository\com\github\penggle\kaptcha\2.3.2\kaptcha-2.3.2.jar;D:\Program files\Apache\maven-repository\javax\servlet\javax.servlet-api\3.1.0\javax.servlet-api-3.1.0.jar;D:\Program files\Apache\maven-repository\com\jhlabs\filters\2.0.235-1\filters-2.0.235-1.jar;D:\Program files\Apache\maven-repository\org\springframework\data\spring-data-redis\2.0.9.RELEASE\spring-data-redis-2.0.9.RELEASE.jar;D:\Program files\Apache\maven-repository\org\springframework\data\spring-data-keyvalue\2.0.9.RELEASE\spring-data-keyvalue-2.0.9.RELEASE.jar;D:\Program files\Apache\maven-repository\org\springframework\data\spring-data-commons\2.0.9.RELEASE\spring-data-commons-2.0.9.RELEASE.jar;D:\Program files\Apache\maven-repository\org\springframework\spring-tx\5.0.8.RELEASE\spring-tx-5.0.8.RELEASE.jar;D:\Program files\Apache\maven-repository\org\springframework\spring-oxm\5.0.8.RELEASE\spring-oxm-5.0.8.RELEASE.jar;D:\Program files\Apache\maven-repository\org\slf4j\slf4j-api\1.7.25\slf4j-api-1.7.25.jar;D:\Program files\Apache\maven-repository\redis\clients\jedis\2.9.0\jedis-2.9.0.jar;D:\Program files\Apache\maven-repository\org\apache\commons\commons-pool2\2.5.0\commons-pool2-2.5.0.jar;D:\Program files\Apache\maven-repository\org\springframework\cloud\spring-cloud-starter-oauth2\2.0.0.RELEASE\spring-cloud-starter-oauth2-2.0.0.RELEASE.jar;D:\Program files\Apache\maven-repository\org\springframework\cloud\spring-cloud-starter-security\2.0.0.RELEASE\spring-cloud-starter-security-2.0.0.RELEASE.jar;D:\Program files\Apache\maven-repository\org\springframework\cloud\spring-cloud-security\2.0.0.RELEASE\spring-cloud-security-2.0.0.RELEASE.jar;D:\Program files\Apache\maven-repository\org\springframework\security\oauth\boot\spring-security-oauth2-autoconfigure\2.0.0.RELEASE\spring-security-oauth2-autoconfigure-2.0.0.RELEASE.jar;D:\Program files\Apache\maven-repository\com\fasterxml\jackson\core\jackson-annotations\2.9.0\jackson-annotations-2.9.0.jar;D:\Program files\Apache\maven-repository\org\springframework\security\oauth\spring-security-oauth2\2.2.1.RELEASE\spring-security-oauth2-2.2.1.RELEASE.jar;D:\Program files\Apache\maven-repository\org\springframework\security\spring-security-config\5.0.7.RELEASE\spring-security-config-5.0.7.RELEASE.jar;D:\Program files\Apache\maven-repository\org\codehaus\jackson\jackson-mapper-asl\1.9.13\jackson-mapper-asl-1.9.13.jar;D:\Program files\Apache\maven-repository\org\codehaus\jackson\jackson-core-asl\1.9.13\jackson-core-asl-1.9.13.jar;F:\backup\mallcloud-srv-master\provider-api\provider-usc-api\target\provider-usc-api-0.0.1.jar;F:\backup\mallcloud-srv-master\common\common-util\target\common-util-0.0.1.jar;D:\Program files\Apache\maven-repository\io\jsonwebtoken\jjwt\0.7.0\jjwt-0.7.0.jar;D:\Program files\Apache\maven-repository\org\springframework\boot\spring-boot-starter-security\2.0.4.RELEASE\spring-boot-starter-security-2.0.4.RELEASE.jar;D:\Program files\Apache\maven-repository\com\belerweb\pinyin4j\2.5.0\pinyin4j-2.5.0.jar;F:\backup\mallcloud-srv-master\common\common-base\target\common-base-0.0.1.jar;D:\Program files\Apache\maven-repository\org\springframework\cloud\spring-cloud-starter-netflix-hystrix\2.0.1.RELEASE\spring-cloud-starter-netflix-hystrix-2.0.1.RELEASE.jar;D:\Program files\Apache\maven-repository\org\springframework\cloud\spring-cloud-netflix-core\2.0.1.RELEASE\spring-cloud-netflix-core-2.0.1.RELEASE.jar;D:\Program files\Apache\maven-repository\org\springframework\cloud\spring-cloud-netflix-ribbon\2.0.1.RELEASE\spring-cloud-netflix-ribbon-2.0.1.RELEASE.jar;D:\Program files\Apache\maven-repository\org\springframework\cloud\spring-cloud-netflix-archaius\2.0.1.RELEASE\spring-cloud-netflix-archaius-2.0.1.RELEASE.jar;D:\Program files\Apache\maven-repository\org\springframework\cloud\spring-cloud-starter-netflix-archaius\2.0.1.RELEASE\spring-cloud-starter-netflix-archaius-2.0.1.RELEASE.jar;D:\Program files\Apache\maven-repository\com\netflix\hystrix\hystrix-serialization\1.5.12\hystrix-serialization-1.5.12.jar;D:\Program files\Apache\maven-repository\com\fasterxml\jackson\module\jackson-module-afterburner\2.9.6\jackson-module-afterburner-2.9.6.jar;D:\Program files\Apache\maven-repository\com\netflix\hystrix\hystrix-metrics-event-stream\1.5.12\hystrix-metrics-event-stream-1.5.12.jar;D:\Program files\Apache\maven-repository\com\netflix\hystrix\hystrix-javanica\1.5.12\hystrix-javanica-1.5.12.jar;D:\Program files\Apache\maven-repository\org\ow2\asm\asm\5.0.4\asm-5.0.4.jar;D:\Program files\Apache\maven-repository\io\reactivex\rxjava-reactive-streams\1.2.1\rxjava-reactive-streams-1.2.1.jar;D:\Program files\Apache\maven-repository\org\reactivestreams\reactive-streams\1.0.2\reactive-streams-1.0.2.jar;D:\Program files\Apache\maven-repository\org\springframework\cloud\spring-cloud-starter-netflix-hystrix-dashboard\2.0.1.RELEASE\spring-cloud-starter-netflix-hystrix-dashboard-2.0.1.RELEASE.jar;D:\Program files\Apache\maven-repository\org\springframework\cloud\spring-cloud-netflix-hystrix-dashboard\2.0.1.RELEASE\spring-cloud-netflix-hystrix-dashboard-2.0.1.RELEASE.jar;D:\Program files\Apache\maven-repository\org\webjars\jquery\2.1.1\jquery-2.1.1.jar;D:\Program files\Apache\maven-repository\org\webjars\d3js\3.4.11\d3js-3.4.11.jar;D:\Program files\Apache\maven-repository\eu\bitwalker\UserAgentUtils\1.20\UserAgentUtils-1.20.jar;D:\Program files\Apache\maven-repository\com\alibaba\fastjson\1.2.29\fastjson-1.2.29.jar;D:\Program files\Apache\maven-repository\org\springframework\spring-context-support\5.1.5.RELEASE\spring-context-support-5.1.5.RELEASE.jar;D:\Program files\Apache\maven-repository\org\springframework\boot\spring-boot-starter-mail\2.0.4.RELEASE\spring-boot-starter-mail-2.0.4.RELEASE.jar;D:\Program files\Apache\maven-repository\com\sun\mail\javax.mail\1.6.1\javax.mail-1.6.1.jar;D:\Program files\Apache\maven-repository\javax\activation\activation\1.1\activation-1.1.jar;D:\Program files\Apache\maven-repository\org\springframework\boot\spring-boot-starter-freemarker\2.0.4.RELEASE\spring-boot-starter-freemarker-2.0.4.RELEASE.jar;D:\Program files\Apache\maven-repository\org\freemarker\freemarker\2.3.28\freemarker-2.3.28.jar;D:\Program files\Apache\maven-repository\org\modelmapper\modelmapper\1.1.2\modelmapper-1.1.2.jar;D:\Program files\Apache\maven-repository\commons-collections\commons-collections\3.2.2\commons-collections-3.2.2.jar;D:\Program files\Apache\maven-repository\org\springframework\security\spring-security-jwt\1.0.9.RELEASE\spring-security-jwt-1.0.9.RELEASE.jar;D:\Program files\Apache\maven-repository\org\bouncycastle\bcpkix-jdk15on\1.56\bcpkix-jdk15on-1.56.jar;D:\Program files\Apache\maven-repository\org\bouncycastle\bcprov-jdk15on\1.56\bcprov-jdk15on-1.56.jar;D:\Program files\Apache\maven-repository\org\springframework\boot\spring-boot-configuration-processor\2.0.4.RELEASE\spring-boot-configuration-processor-2.0.4.RELEASE.jar;F:\backup\mallcloud-srv-master\common\common-config\target\common-config-0.0.1.jar;F:\backup\mallcloud-srv-master\common\common-core\target\common-core-0.0.1.jar;D:\Program files\Apache\maven-repository\org\springframework\cloud\spring-cloud-starter-hystrix\1.4.0.RELEASE\spring-cloud-starter-hystrix-1.4.0.RELEASE.jar;D:\Program files\Apache\maven-repository\com\netflix\hystrix\hystrix-core\1.5.12\hystrix-core-1.5.12.jar;D:\Program files\Apache\maven-repository\com\netflix\archaius\archaius-core\0.7.6\archaius-core-0.7.6.jar;D:\Program files\Apache\maven-repository\com\google\code\findbugs\jsr305\3.0.1\jsr305-3.0.1.jar;D:\Program files\Apache\maven-repository\commons-configuration\commons-configuration\1.8\commons-configuration-1.8.jar;D:\Program files\Apache\maven-repository\commons-lang\commons-lang\2.6\commons-lang-2.6.jar;D:\Program files\Apache\maven-repository\io\reactivex\rxjava\1.3.8\rxjava-1.3.8.jar;D:\Program files\Apache\maven-repository\org\apache\commons\commons-lang3\3.5\commons-lang3-3.5.jar;D:\Program files\Apache\maven-repository\org\springframework\boot\spring-boot-starter-web\2.0.4.RELEASE\spring-boot-starter-web-2.0.4.RELEASE.jar;D:\Program files\Apache\maven-repository\org\springframework\boot\spring-boot-starter-json\2.0.4.RELEASE\spring-boot-starter-json-2.0.4.RELEASE.jar;D:\Program files\Apache\maven-repository\com\fasterxml\jackson\datatype\jackson-datatype-jdk8\2.9.6\jackson-datatype-jdk8-2.9.6.jar;D:\Program files\Apache\maven-repository\com\fasterxml\jackson\module\jackson-module-parameter-names\2.9.6\jackson-module-parameter-names-2.9.6.jar;D:\Program files\Apache\maven-repository\org\springframework\boot\spring-boot-starter-tomcat\2.0.4.RELEASE\spring-boot-starter-tomcat-2.0.4.RELEASE.jar;D:\Program files\Apache\maven-repository\org\apache\tomcat\embed\tomcat-embed-core\8.5.32\tomcat-embed-core-8.5.32.jar;D:\Program files\Apache\maven-repository\org\apache\tomcat\embed\tomcat-embed-el\8.5.32\tomcat-embed-el-8.5.32.jar;D:\Program files\Apache\maven-repository\org\apache\tomcat\embed\tomcat-embed-websocket\8.5.32\tomcat-embed-websocket-8.5.32.jar;D:\Program files\Apache\maven-repository\org\hibernate\validator\hibernate-validator\6.0.11.Final\hibernate-validator-6.0.11.Final.jar;D:\Program files\Apache\maven-repository\javax\validation\validation-api\2.0.1.Final\validation-api-2.0.1.Final.jar;D:\Program files\Apache\maven-repository\org\jboss\logging\jboss-logging\3.3.2.Final\jboss-logging-3.3.2.Final.jar;D:\Program files\Apache\maven-repository\org\springframework\spring-webmvc\5.0.8.RELEASE\spring-webmvc-5.0.8.RELEASE.jar;D:\Program files\Apache\maven-repository\org\springframework\boot\spring-boot-starter\2.0.4.RELEASE\spring-boot-starter-2.0.4.RELEASE.jar;D:\Program files\Apache\maven-repository\org\springframework\boot\spring-boot\2.0.4.RELEASE\spring-boot-2.0.4.RELEASE.jar;D:\Program files\Apache\maven-repository\org\springframework\boot\spring-boot-autoconfigure\2.0.4.RELEASE\spring-boot-autoconfigure-2.0.4.RELEASE.jar;D:\Program files\Apache\maven-repository\org\springframework\boot\spring-boot-starter-logging\2.0.4.RELEASE\spring-boot-starter-logging-2.0.4.RELEASE.jar;D:\Program files\Apache\maven-repository\ch\qos\logback\logback-classic\1.2.3\logback-classic-1.2.3.jar;D:\Program files\Apache\maven-repository\ch\qos\logback\logback-core\1.2.3\logback-core-1.2.3.jar;D:\Program files\Apache\maven-repository\org\apache\logging\log4j\log4j-to-slf4j\2.10.0\log4j-to-slf4j-2.10.0.jar;D:\Program files\Apache\maven-repository\org\apache\logging\log4j\log4j-api\2.10.0\log4j-api-2.10.0.jar;D:\Program files\Apache\maven-repository\org\slf4j\jul-to-slf4j\1.7.25\jul-to-slf4j-1.7.25.jar;D:\Program files\Apache\maven-repository\javax\annotation\javax.annotation-api\1.3.2\javax.annotation-api-1.3.2.jar;D:\Program files\Apache\maven-repository\org\yaml\snakeyaml\1.19\snakeyaml-1.19.jar;D:\Program files\Apache\maven-repository\org\springframework\boot\spring-boot-starter-test\2.0.4.RELEASE\spring-boot-starter-test-2.0.4.RELEASE.jar;D:\Program files\Apache\maven-repository\org\springframework\boot\spring-boot-test\2.0.4.RELEASE\spring-boot-test-2.0.4.RELEASE.jar;D:\Program files\Apache\maven-repository\org\springframework\boot\spring-boot-test-autoconfigure\2.0.4.RELEASE\spring-boot-test-autoconfigure-2.0.4.RELEASE.jar;D:\Program files\Apache\maven-repository\com\jayway\jsonpath\json-path\2.4.0\json-path-2.4.0.jar;D:\Program files\Apache\maven-repository\net\minidev\json-smart\2.3\json-smart-2.3.jar;D:\Program files\Apache\maven-repository\net\minidev\accessors-smart\1.2\accessors-smart-1.2.jar;D:\Program files\Apache\maven-repository\junit\junit\4.12\junit-4.12.jar;D:\Program files\Apache\maven-repository\org\assertj\assertj-core\3.9.1\assertj-core-3.9.1.jar;D:\Program files\Apache\maven-repository\org\mockito\mockito-core\2.15.0\mockito-core-2.15.0.jar;D:\Program files\Apache\maven-repository\net\bytebuddy\byte-buddy\1.7.11\byte-buddy-1.7.11.jar;D:\Program files\Apache\maven-repository\net\bytebuddy\byte-buddy-agent\1.7.11\byte-buddy-agent-1.7.11.jar;D:\Program files\Apache\maven-repository\org\objenesis\objenesis\2.6\objenesis-2.6.jar;D:\Program files\Apache\maven-repository\org\hamcrest\hamcrest-core\1.3\hamcrest-core-1.3.jar;D:\Program files\Apache\maven-repository\org\hamcrest\hamcrest-library\1.3\hamcrest-library-1.3.jar;D:\Program files\Apache\maven-repository\org\skyscreamer\jsonassert\1.5.0\jsonassert-1.5.0.jar;D:\Program files\Apache\maven-repository\com\vaadin\external\google\android-json\0.0.20131108.vaadin1\android-json-0.0.20131108.vaadin1.jar;D:\Program files\Apache\maven-repository\org\springframework\spring-test\5.0.8.RELEASE\spring-test-5.0.8.RELEASE.jar;D:\Program files\Apache\maven-repository\org\xmlunit\xmlunit-core\2.5.1\xmlunit-core-2.5.1.jar;D:\Program files\Apache\maven-repository\com\arronlong\httpclientutil\httpclientutil\1.0\httpclientutil-1.0.jar;D:\Program files\Apache\maven-repository\org\apache\httpcomponents\httpclient\4.5.6\httpclient-4.5.6.jar;D:\Program files\Apache\maven-repository\org\apache\httpcomponents\httpcore\4.4.10\httpcore-4.4.10.jar;D:\Program files\Apache\maven-repository\commons-codec\commons-codec\1.11\commons-codec-1.11.jar;D:\Program files\Apache\maven-repository\org\apache\httpcomponents\httpmime\4.5.6\httpmime-4.5.6.jar;D:\Program files\Apache\maven-repository\org\apache\httpcomponents\httpasyncclient\4.1.3\httpasyncclient-4.1.3.jar;D:\Program files\Apache\maven-repository\org\apache\httpcomponents\httpcore-nio\4.4.10\httpcore-nio-4.4.10.jar;D:\Program files\Apache\maven-repository\log4j\log4j\1.2.17\log4j-1.2.17.jar;D:\Program files\Apache\maven-repository\com\xiaoleilu\hutool-all\3.0.7\hutool-all-3.0.7.jar;"/>
    <property name="sun.cpu.endian" value="little"/>
    <property name="user.home" value="C:\Users\P52"/>
    <property name="user.language" value="zh"/>
    <property name="java.specification.vendor" value="Oracle Corporation"/>
    <property name="java.home" value="D:\Program files\java\jdk1.8.0_181\jre"/>
    <property name="basedir" value="F:\backup\mallcloud-srv-master\provider\provider-usc"/>
    <property name="file.separator" value="\"/>
    <property name="line.separator" value="&#10;"/>
    <property name="java.vm.specification.vendor" value="Oracle Corporation"/>
    <property name="java.specification.name" value="Java Platform API Specification"/>
    <property name="java.awt.graphicsenv" value="sun.awt.Win32GraphicsEnvironment"/>
    <property name="surefire.real.class.path" value="C:\Users\P52\AppData\Local\Temp\surefire9072181893319441609\surefirebooter4667177609187584324.jar"/>
    <property name="sun.boot.class.path" value="D:\Program files\java\jdk1.8.0_181\jre\lib\resources.jar;D:\Program files\java\jdk1.8.0_181\jre\lib\rt.jar;D:\Program files\java\jdk1.8.0_181\jre\lib\sunrsasign.jar;D:\Program files\java\jdk1.8.0_181\jre\lib\jsse.jar;D:\Program files\java\jdk1.8.0_181\jre\lib\jce.jar;D:\Program files\java\jdk1.8.0_181\jre\lib\charsets.jar;D:\Program files\java\jdk1.8.0_181\jre\lib\jfr.jar;D:\Program files\java\jdk1.8.0_181\jre\classes"/>
    <property name="user.script" value=""/>
    <property name="sun.management.compiler" value="HotSpot 64-Bit Tiered Compilers"/>
    <property name="java.runtime.version" value="1.8.0_181-b13"/>
    <property name="user.name" value="P52"/>
    <property name="path.separator" value=";"/>
    <property name="os.version" value="10.0"/>
    <property name="java.endorsed.dirs" value="D:\Program files\java\jdk1.8.0_181\jre\lib\endorsed"/>
    <property name="java.runtime.name" value="Java(TM) SE Runtime Environment"/>
    <property name="file.encoding" value="GBK"/>
    <property name="java.vm.name" value="Java HotSpot(TM) 64-Bit Server VM"/>
    <property name="localRepository" value="D:\Program files\Apache\maven-repository"/>
    <property name="java.vendor.url.bug" value="http://bugreport.sun.com/bugreport/"/>
    <property name="java.io.tmpdir" value="C:\Users\P52\AppData\Local\Temp\"/>
    <property name="java.version" value="1.8.0_181"/>
    <property name="user.dir" value="F:\backup\mallcloud-srv-master\provider\provider-usc"/>
    <property name="os.arch" value="amd64"/>
    <property name="java.vm.specification.name" value="Java Virtual Machine Specification"/>
    <property name="java.awt.printerjob" value="sun.awt.windows.WPrinterJob"/>
    <property name="sun.os.patch.level" value=""/>
    <property name="java.library.path" value="D:\Program files\java\jdk1.8.0_181\jre\bin;C:\Windows\Sun\Java\bin;C:\Windows\system32;C:\Windows;C:\Program Files (x86)\Common Files\Oracle\Java\javapath;C:\Windows\system32;C:\Windows;C:\Windows\System32\Wbem;C:\Windows\System32\WindowsPowerShell\v1.0\;C:\Program Files\Intel\WiFi\bin\;C:\Program Files\Common Files\Intel\WirelessCommon\;D:\Program files\Apache\maven\bin\;D:\Program files\java\jdk1.8.0_181\bin\;D:\Program Files\Git\cmd;D:\soft\db\mysql-8.0.12-winx64\bin\;D:\soft\spring\consul\;D:\Program files\erl10.0.1\bin\;D:\Program Files (x86)\GnuWin32\bin\;D:\DevelopSoftware\curl-7.59.0\I386;D:\Program Files\Redis\;D:\DevelopSoftware\nodejs\;D:\DevelopSoftware\nodejs\node_global\;C:\Users\P52\AppData\Local\Microsoft\WindowsApps;C:\Users\P52\AppData\Roaming\npm;."/>
    <property name="java.vm.info" value="mixed mode"/>
    <property name="java.vendor" value="Oracle Corporation"/>
    <property name="java.vm.version" value="25.181-b13"/>
    <property name="java.ext.dirs" value="D:\Program files\java\jdk1.8.0_181\jre\lib\ext;C:\Windows\Sun\Java\lib\ext"/>
    <property name="sun.io.unicode.encoding" value="UnicodeLittle"/>
    <property name="java.class.version" value="52.0"/>
  </properties>
  <testcase name="contextLoads" classname="org.tc.provider.ProviderUscApplicationTests" time="0.139"/>
</testsuite>